[2014-09-18 16:38:56] event.DEBUG: Notified event "kernel.request" to listener "Symfony\Bundle\FrameworkBundle\EventListener\SessionListener::onKernelRequest". [] []
[2014-09-18 16:38:56] event.DEBUG: Notified event "kernel.request" to listener "Symfony\Component\HttpKernel\EventListener\FragmentListener::onKernelRequest". [] []
[2014-09-18 16:38:56] event.DEBUG: Notified event "kernel.request" to listener "Symfony\Component\HttpKernel\EventListener\RouterListener::onKernelRequest". [] []
[2014-09-18 16:38:56] event.DEBUG: Notified event "kernel.exception" to listener "Symfony\Component\HttpKernel\EventListener\ExceptionListener::onKernelException". [] []
[2014-09-18 16:38:56] request.ERROR: Uncaught PHP Exception Symfony\Component\HttpKernel\Exception\NotFoundHttpException: "No route found for "GET /sit/seguimientoprincipal/css/content.css"" at /var/www/sait/app/cache/prod/classes.php line 3610 {"exception":"[object] (Symfony\\Component\\HttpKernel\\Exception\\NotFoundHttpException: No route found for \"GET /sit/seguimientoprincipal/css/content.css\" at /var/www/sait/app/cache/prod/classes.php:3610, Symfony\\Component\\Routing\\Exception\\ResourceNotFoundException:  at /var/www/sait/app/cache/prod/appProdUrlMatcher.php:3264)"} []
[2014-09-18 16:38:56] event.DEBUG: Notified event "kernel.request" to listener "closure". [] []
[2014-09-18 16:38:56] event.DEBUG: Notified event "kernel.request" to listener "Symfony\Bundle\FrameworkBundle\EventListener\SessionListener::onKernelRequest". [] []
[2014-09-18 16:38:56] event.DEBUG: Notified event "kernel.request" to listener "closure". [] []
[2014-09-18 16:38:56] event.DEBUG: Notified event "kernel.request" to listener "Symfony\Component\HttpKernel\EventListener\FragmentListener::onKernelRequest". [] []
[2014-09-18 16:38:56] event.DEBUG: Notified event "kernel.request" to listener "closure". [] []
[2014-09-18 16:38:56] event.DEBUG: Notified event "kernel.request" to listener "Symfony\Component\HttpKernel\EventListener\RouterListener::onKernelRequest". [] []
[2014-09-18 16:38:56] event.DEBUG: Notified event "kernel.request" to listener "closure". [] []
[2014-09-18 16:38:56] event.DEBUG: Notified event "kernel.request" to listener "Symfony\Component\HttpKernel\EventListener\LocaleListener::onKernelRequest". [] []
[2014-09-18 16:38:56] event.DEBUG: Notified event "kernel.request" to listener "closure". [] []
[2014-09-18 16:38:56] event.DEBUG: Notified event "kernel.request" to listener "Symfony\Component\Security\Http\Firewall::onKernelRequest". [] []
[2014-09-18 16:38:56] event.DEBUG: Notified event "kernel.request" to listener "closure". [] []
[2014-09-18 16:38:56] event.DEBUG: Notified event "kernel.request" to listener "Symfony\Component\HttpKernel\EventListener\ErrorsLoggerListener::injectLogger". [] []
[2014-09-18 16:38:56] event.DEBUG: Notified event "kernel.request" to listener "closure". [] []
[2014-09-18 16:38:56] event.DEBUG: Notified event "kernel.request" to listener "Symfony\Component\HttpKernel\EventListener\ErrorsLoggerListener::injectLogger". [] []
[2014-09-18 16:38:56] event.DEBUG: Notified event "kernel.controller" to listener "Sensio\Bundle\FrameworkExtraBundle\EventListener\ControllerListener::onKernelController". [] []
[2014-09-18 16:38:56] event.DEBUG: Notified event "kernel.controller" to listener "Sensio\Bundle\FrameworkExtraBundle\EventListener\ParamConverterListener::onKernelController". [] []
[2014-09-18 16:38:56] event.DEBUG: Notified event "kernel.controller" to listener "Sensio\Bundle\FrameworkExtraBundle\EventListener\TemplateListener::onKernelController". [] []
[2014-09-18 16:38:56] event.DEBUG: Notified event "kernel.response" to listener "Symfony\Component\HttpKernel\EventListener\ResponseListener::onKernelResponse". [] []
[2014-09-18 16:38:56] event.DEBUG: Notified event "kernel.response" to listener "Symfony\Component\Security\Http\RememberMe\ResponseListener::onKernelResponse". [] []
[2014-09-18 16:38:56] event.DEBUG: Notified event "kernel.response" to listener "Sensio\Bundle\FrameworkExtraBundle\EventListener\CacheListener::onKernelResponse". [] []
[2014-09-18 16:38:56] event.DEBUG: Notified event "kernel.response" to listener "Symfony\Component\HttpKernel\EventListener\StreamedResponseListener::onKernelResponse". [] []
[2014-09-18 16:38:56] event.DEBUG: Listener "Symfony\Component\HttpKernel\EventListener\ExceptionListener::onKernelException" stopped propagation of the event "kernel.exception". [] []
[2014-09-18 16:38:56] event.DEBUG: Notified event "kernel.response" to listener "Symfony\Component\HttpKernel\EventListener\ResponseListener::onKernelResponse". [] []
[2014-09-18 16:38:56] event.DEBUG: Notified event "kernel.response" to listener "Symfony\Component\Security\Http\RememberMe\ResponseListener::onKernelResponse". [] []
[2014-09-18 16:38:56] event.DEBUG: Notified event "kernel.response" to listener "Sensio\Bundle\FrameworkExtraBundle\EventListener\CacheListener::onKernelResponse". [] []
[2014-09-18 16:38:56] event.DEBUG: Notified event "kernel.response" to listener "Symfony\Component\HttpKernel\EventListener\StreamedResponseListener::onKernelResponse". [] []
[2014-09-18 16:38:56] event.DEBUG: Notified event "kernel.terminate" to listener "Symfony\Bundle\SwiftmailerBundle\EventListener\EmailSenderListener::onTerminate". [] []
[2014-09-18 16:39:18] event.DEBUG: Notified event "kernel.request" to listener "Symfony\Bundle\FrameworkBundle\EventListener\SessionListener::onKernelRequest". [] []
[2014-09-18 16:39:18] event.DEBUG: Notified event "kernel.request" to listener "Symfony\Component\HttpKernel\EventListener\FragmentListener::onKernelRequest". [] []
[2014-09-18 16:39:18] event.DEBUG: Notified event "kernel.request" to listener "Symfony\Component\HttpKernel\EventListener\RouterListener::onKernelRequest". [] []
[2014-09-18 16:39:18] request.INFO: Matched route "sit_guardacomentario" (parameters: "_controller": "Frontend\SitBundle\Controller\SeguimientoController::guardacomentarioAction", "idticket": "2719", "_route": "sit_guardacomentario") [] []
[2014-09-18 16:39:18] event.DEBUG: Notified event "kernel.request" to listener "Symfony\Component\HttpKernel\EventListener\LocaleListener::onKernelRequest". [] []
[2014-09-18 16:39:18] event.DEBUG: Notified event "kernel.request" to listener "Symfony\Component\Security\Http\Firewall::onKernelRequest". [] []
[2014-09-18 16:39:18] security.DEBUG: Read SecurityContext from the session [] []
[2014-09-18 16:39:18] security.DEBUG: Reloading user from user provider. [] []
[2014-09-18 16:39:18] doctrine.DEBUG: SELECT t0.id AS id1, t0.username AS username2, t0.salt AS salt3, t0.password AS password4, t0.is_active AS is_active5, t0.fueradenomina AS fueradenomina6 FROM usuarios.user t0 WHERE t0.id = ? [395] []
[2014-09-18 16:39:18] security.DEBUG: Username "jvalera" was reloaded from user provider. [] []
[2014-09-18 16:39:18] event.DEBUG: Notified event "kernel.request" to listener "Symfony\Component\HttpKernel\EventListener\ErrorsLoggerListener::injectLogger". [] []
[2014-09-18 16:39:18] event.DEBUG: Notified event "kernel.request" to listener "Symfony\Component\HttpKernel\EventListener\ErrorsLoggerListener::injectLogger". [] []
[2014-09-18 16:39:18] event.DEBUG: Notified event "kernel.controller" to listener "Sensio\Bundle\FrameworkExtraBundle\EventListener\ControllerListener::onKernelController". [] []
[2014-09-18 16:39:18] event.DEBUG: Notified event "kernel.controller" to listener "Sensio\Bundle\FrameworkExtraBundle\EventListener\ParamConverterListener::onKernelController". [] []
[2014-09-18 16:39:18] event.DEBUG: Notified event "kernel.controller" to listener "Sensio\Bundle\FrameworkExtraBundle\EventListener\TemplateListener::onKernelController". [] []
[2014-09-18 16:39:18] doctrine.DEBUG: SELECT t0.id AS id1, t0.fechasolicitud AS fechasolicitud2, t0.horasolicitud AS horasolicitud3, t0.fechasolucion AS fechasolucion4, t0.horasolucion AS horasolucion5, t0.solicitud AS solicitud6, t0.solucion AS solucion7, t0.reasignado AS reasignado8, t0.estatus AS estatus9, t0.archivo AS archivo10, t0.user_id AS user_id11, t0.categoria_id AS categoria_id12, t0.subcategoria_id AS subcategoria_id13, t0.unidad_id AS unidad_id14 FROM sit.ticket t0 WHERE t0.id = ? ["2719"] []
[2014-09-18 16:39:18] doctrine.DEBUG: SELECT t0.id AS id1, t0.evento AS evento2, t0.tipoevento AS tipoevento3, t0.fecha AS fecha4, t0.archivo AS archivo5, t0.ticket_id AS ticket_id6, t0.responsable_id AS responsable_id7 FROM sit.seguimiento t0 WHERE t0.ticket_id = ? ["2719"] []
[2014-09-18 16:39:18] doctrine.DEBUG: SELECT t0.id AS id1, t0.primer_nombre AS primer_nombre2, t0.segundo_nombre AS segundo_nombre3, t0.primer_apellido AS primer_apellido4, t0.segundo_apellido AS segundo_apellido5, t0.cedula AS cedula6, t0.fechanacimiento AS fechanacimiento7, t0.extension AS extension8, t0.user_id AS user_id9, t0.nivelorganizacional_id AS nivelorganizacional_id10 FROM usuarios.perfil t0 INNER JOIN sit.usuarioticket ON t0.id = sit.usuarioticket.user_id WHERE sit.usuarioticket.ticket_id = ? [2719] []
[2014-09-18 16:39:18] doctrine.DEBUG: SELECT t0.id AS id1, t0.primer_nombre AS primer_nombre2, t0.segundo_nombre AS segundo_nombre3, t0.primer_apellido AS primer_apellido4, t0.segundo_apellido AS segundo_apellido5, t0.cedula AS cedula6, t0.fechanacimiento AS fechanacimiento7, t0.extension AS extension8, t0.user_id AS user_id9, t0.nivelorganizacional_id AS nivelorganizacional_id10 FROM usuarios.perfil t0 WHERE t0.id = ? [395] []
[2014-09-18 16:39:18] doctrine.DEBUG: SELECT t0.id AS id1, t0.categoria AS categoria2, t0.unidad_id AS unidad_id3 FROM sit.categoria t0 WHERE t0.id = ? [6] []
[2014-09-18 16:39:18] doctrine.DEBUG: SELECT t0.id AS id1, t0.subcategoria AS subcategoria2, t0.categoria_id AS categoria_id3 FROM sit.subcategoria t0 WHERE t0.id = ? [27] []
[2014-09-18 16:39:18] event.DEBUG: Notified event "kernel.exception" to listener "Symfony\Component\Security\Http\Firewall\ExceptionListener::onKernelException". [] []
[2014-09-18 16:39:18] event.DEBUG: Notified event "kernel.exception" to listener "Symfony\Component\HttpKernel\EventListener\ExceptionListener::onKernelException". [] []
[2014-09-18 16:39:18] request.CRITICAL: Uncaught PHP Exception Twig_Error_Runtime: "Variable "unidadc" does not exist in "SitBundle:Seguimiento:principal.html.twig" at line 76" at /var/www/sait/app/cache/prod/classes.php line 6139 {"exception":"[object] (Twig_Error_Runtime: Variable \"unidadc\" does not exist in \"SitBundle:Seguimiento:principal.html.twig\" at line 76 at /var/www/sait/app/cache/prod/classes.php:6139)"} []
[2014-09-18 16:39:18] event.DEBUG: Notified event "kernel.request" to listener "Symfony\Bundle\FrameworkBundle\EventListener\SessionListener::onKernelRequest". [] []
[2014-09-18 16:39:18] event.DEBUG: Notified event "kernel.request" to listener "Symfony\Component\HttpKernel\EventListener\FragmentListener::onKernelRequest". [] []
[2014-09-18 16:39:18] event.DEBUG: Notified event "kernel.request" to listener "Symfony\Component\HttpKernel\EventListener\RouterListener::onKernelRequest". [] []
[2014-09-18 16:39:18] event.DEBUG: Notified event "kernel.request" to listener "Symfony\Component\HttpKernel\EventListener\LocaleListener::onKernelRequest". [] []
[2014-09-18 16:39:18] event.DEBUG: Notified event "kernel.request" to listener "Symfony\Component\Security\Http\Firewall::onKernelRequest". [] []
[2014-09-18 16:39:18] event.DEBUG: Notified event "kernel.request" to listener "Symfony\Component\HttpKernel\EventListener\ErrorsLoggerListener::injectLogger". [] []
[2014-09-18 16:39:18] event.DEBUG: Notified event "kernel.request" to listener "Symfony\Component\HttpKernel\EventListener\ErrorsLoggerListener::injectLogger". [] []
[2014-09-18 16:39:18] event.DEBUG: Notified event "kernel.controller" to listener "Sensio\Bundle\FrameworkExtraBundle\EventListener\ControllerListener::onKernelController". [] []
[2014-09-18 16:39:18] event.DEBUG: Notified event "kernel.controller" to listener "Sensio\Bundle\FrameworkExtraBundle\EventListener\ParamConverterListener::onKernelController". [] []
[2014-09-18 16:39:18] event.DEBUG: Notified event "kernel.controller" to listener "Sensio\Bundle\FrameworkExtraBundle\EventListener\TemplateListener::onKernelController". [] []
[2014-09-18 16:39:18] event.DEBUG: Notified event "kernel.response" to listener "Symfony\Component\Security\Http\Firewall\ContextListener::onKernelResponse". [] []
[2014-09-18 16:39:18] event.DEBUG: Notified event "kernel.response" to listener "Symfony\Component\HttpKernel\EventListener\ResponseListener::onKernelResponse". [] []
[2014-09-18 16:39:18] event.DEBUG: Notified event "kernel.response" to listener "Symfony\Component\Security\Http\RememberMe\ResponseListener::onKernelResponse". [] []
[2014-09-18 16:39:18] event.DEBUG: Notified event "kernel.response" to listener "Sensio\Bundle\FrameworkExtraBundle\EventListener\CacheListener::onKernelResponse". [] []
[2014-09-18 16:39:18] event.DEBUG: Notified event "kernel.response" to listener "Symfony\Component\HttpKernel\EventListener\StreamedResponseListener::onKernelResponse". [] []
[2014-09-18 16:39:18] event.DEBUG: Listener "Symfony\Component\HttpKernel\EventListener\ExceptionListener::onKernelException" stopped propagation of the event "kernel.exception". [] []
[2014-09-18 16:39:18] event.DEBUG: Notified event "kernel.response" to listener "Symfony\Component\Security\Http\Firewall\ContextListener::onKernelResponse". [] []
[2014-09-18 16:39:18] security.DEBUG: Write SecurityContext in the session [] []
[2014-09-18 16:39:18] event.DEBUG: Notified event "kernel.response" to listener "Symfony\Component\HttpKernel\EventListener\ResponseListener::onKernelResponse". [] []
[2014-09-18 16:39:18] event.DEBUG: Notified event "kernel.response" to listener "Symfony\Component\Security\Http\RememberMe\ResponseListener::onKernelResponse". [] []
[2014-09-18 16:39:18] event.DEBUG: Notified event "kernel.response" to listener "Sensio\Bundle\FrameworkExtraBundle\EventListener\CacheListener::onKernelResponse". [] []
[2014-09-18 16:39:18] event.DEBUG: Notified event "kernel.response" to listener "Symfony\Component\HttpKernel\EventListener\StreamedResponseListener::onKernelResponse". [] []
[2014-09-18 16:39:18] event.DEBUG: Notified event "kernel.terminate" to listener "Symfony\Bundle\SwiftmailerBundle\EventListener\EmailSenderListener::onTerminate". [] []
[2014-09-18 16:40:11] event.DEBUG: Notified event "kernel.request" to listener "Symfony\Bundle\FrameworkBundle\EventListener\SessionListener::onKernelRequest". [] []
[2014-09-18 16:40:11] event.DEBUG: Notified event "kernel.request" to listener "Symfony\Component\HttpKernel\EventListener\FragmentListener::onKernelRequest". [] []
[2014-09-18 16:40:11] event.DEBUG: Notified event "kernel.request" to listener "Symfony\Component\HttpKernel\EventListener\RouterListener::onKernelRequest". [] []
[2014-09-18 16:40:11] request.INFO: Matched route "sit_guardacomentario" (parameters: "_controller": "Frontend\SitBundle\Controller\SeguimientoController::guardacomentarioAction", "idticket": "2719", "_route": "sit_guardacomentario") [] []
[2014-09-18 16:40:11] event.DEBUG: Notified event "kernel.request" to listener "Symfony\Component\HttpKernel\EventListener\LocaleListener::onKernelRequest". [] []
[2014-09-18 16:40:11] event.DEBUG: Notified event "kernel.request" to listener "Symfony\Component\Security\Http\Firewall::onKernelRequest". [] []
[2014-09-18 16:40:11] security.DEBUG: Read SecurityContext from the session [] []
[2014-09-18 16:40:11] security.DEBUG: Reloading user from user provider. [] []
[2014-09-18 16:40:11] doctrine.DEBUG: SELECT t0.id AS id1, t0.username AS username2, t0.salt AS salt3, t0.password AS password4, t0.is_active AS is_active5, t0.fueradenomina AS fueradenomina6 FROM usuarios.user t0 WHERE t0.id = ? [395] []
[2014-09-18 16:40:11] security.DEBUG: Username "jvalera" was reloaded from user provider. [] []
[2014-09-18 16:40:11] event.DEBUG: Notified event "kernel.request" to listener "Symfony\Component\HttpKernel\EventListener\ErrorsLoggerListener::injectLogger". [] []
[2014-09-18 16:40:11] event.DEBUG: Notified event "kernel.request" to listener "Symfony\Component\HttpKernel\EventListener\ErrorsLoggerListener::injectLogger". [] []
[2014-09-18 16:40:11] event.DEBUG: Notified event "kernel.controller" to listener "Sensio\Bundle\FrameworkExtraBundle\EventListener\ControllerListener::onKernelController". [] []
[2014-09-18 16:40:11] event.DEBUG: Notified event "kernel.controller" to listener "Sensio\Bundle\FrameworkExtraBundle\EventListener\ParamConverterListener::onKernelController". [] []
[2014-09-18 16:40:11] event.DEBUG: Notified event "kernel.controller" to listener "Sensio\Bundle\FrameworkExtraBundle\EventListener\TemplateListener::onKernelController". [] []
[2014-09-18 16:40:11] doctrine.DEBUG: SELECT t0.id AS id1, t0.fechasolicitud AS fechasolicitud2, t0.horasolicitud AS horasolicitud3, t0.fechasolucion AS fechasolucion4, t0.horasolucion AS horasolucion5, t0.solicitud AS solicitud6, t0.solucion AS solucion7, t0.reasignado AS reasignado8, t0.estatus AS estatus9, t0.archivo AS archivo10, t0.user_id AS user_id11, t0.categoria_id AS categoria_id12, t0.subcategoria_id AS subcategoria_id13, t0.unidad_id AS unidad_id14 FROM sit.ticket t0 WHERE t0.id = ? ["2719"] []
[2014-09-18 16:40:11] doctrine.DEBUG: SELECT t0.id AS id1, t0.evento AS evento2, t0.tipoevento AS tipoevento3, t0.fecha AS fecha4, t0.archivo AS archivo5, t0.ticket_id AS ticket_id6, t0.responsable_id AS responsable_id7 FROM sit.seguimiento t0 WHERE t0.ticket_id = ? ["2719"] []
[2014-09-18 16:40:11] doctrine.DEBUG: SELECT t0.id AS id1, t0.primer_nombre AS primer_nombre2, t0.segundo_nombre AS segundo_nombre3, t0.primer_apellido AS primer_apellido4, t0.segundo_apellido AS segundo_apellido5, t0.cedula AS cedula6, t0.fechanacimiento AS fechanacimiento7, t0.extension AS extension8, t0.user_id AS user_id9, t0.nivelorganizacional_id AS nivelorganizacional_id10 FROM usuarios.perfil t0 INNER JOIN sit.usuarioticket ON t0.id = sit.usuarioticket.user_id WHERE sit.usuarioticket.ticket_id = ? [2719] []
[2014-09-18 16:40:11] doctrine.DEBUG: SELECT t0.id AS id1, t0.primer_nombre AS primer_nombre2, t0.segundo_nombre AS segundo_nombre3, t0.primer_apellido AS primer_apellido4, t0.segundo_apellido AS segundo_apellido5, t0.cedula AS cedula6, t0.fechanacimiento AS fechanacimiento7, t0.extension AS extension8, t0.user_id AS user_id9, t0.nivelorganizacional_id AS nivelorganizacional_id10 FROM usuarios.perfil t0 WHERE t0.id = ? [395] []
[2014-09-18 16:40:11] doctrine.DEBUG: SELECT t0.id AS id1, t0.categoria AS categoria2, t0.unidad_id AS unidad_id3 FROM sit.categoria t0 WHERE t0.id = ? [6] []
[2014-09-18 16:40:11] doctrine.DEBUG: SELECT t0.id AS id1, t0.subcategoria AS subcategoria2, t0.categoria_id AS categoria_id3 FROM sit.subcategoria t0 WHERE t0.id = ? [27] []
[2014-09-18 16:40:11] event.DEBUG: Notified event "kernel.exception" to listener "Symfony\Component\Security\Http\Firewall\ExceptionListener::onKernelException". [] []
[2014-09-18 16:40:11] event.DEBUG: Notified event "kernel.exception" to listener "Symfony\Component\HttpKernel\EventListener\ExceptionListener::onKernelException". [] []
[2014-09-18 16:40:11] request.CRITICAL: Uncaught PHP Exception Twig_Error_Runtime: "Variable "unidadc" does not exist in "SitBundle:Seguimiento:principal.html.twig" at line 76" at /var/www/sait/app/cache/prod/classes.php line 6139 {"exception":"[object] (Twig_Error_Runtime: Variable \"unidadc\" does not exist in \"SitBundle:Seguimiento:principal.html.twig\" at line 76 at /var/www/sait/app/cache/prod/classes.php:6139)"} []
[2014-09-18 16:40:11] event.DEBUG: Notified event "kernel.request" to listener "Symfony\Bundle\FrameworkBundle\EventListener\SessionListener::onKernelRequest". [] []
[2014-09-18 16:40:11] event.DEBUG: Notified event "kernel.request" to listener "Symfony\Component\HttpKernel\EventListener\FragmentListener::onKernelRequest". [] []
[2014-09-18 16:40:11] event.DEBUG: Notified event "kernel.request" to listener "Symfony\Component\HttpKernel\EventListener\RouterListener::onKernelRequest". [] []
[2014-09-18 16:40:11] event.DEBUG: Notified event "kernel.request" to listener "Symfony\Component\HttpKernel\EventListener\LocaleListener::onKernelRequest". [] []
[2014-09-18 16:40:11] event.DEBUG: Notified event "kernel.request" to listener "Symfony\Component\Security\Http\Firewall::onKernelRequest". [] []
[2014-09-18 16:40:11] event.DEBUG: Notified event "kernel.request" to listener "Symfony\Component\HttpKernel\EventListener\ErrorsLoggerListener::injectLogger". [] []
[2014-09-18 16:40:11] event.DEBUG: Notified event "kernel.request" to listener "Symfony\Component\HttpKernel\EventListener\ErrorsLoggerListener::injectLogger". [] []
[2014-09-18 16:40:11] event.DEBUG: Notified event "kernel.controller" to listener "Sensio\Bundle\FrameworkExtraBundle\EventListener\ControllerListener::onKernelController". [] []
[2014-09-18 16:40:11] event.DEBUG: Notified event "kernel.controller" to listener "Sensio\Bundle\FrameworkExtraBundle\EventListener\ParamConverterListener::onKernelController". [] []
[2014-09-18 16:40:11] event.DEBUG: Notified event "kernel.controller" to listener "Sensio\Bundle\FrameworkExtraBundle\EventListener\TemplateListener::onKernelController". [] []
[2014-09-18 16:40:11] event.DEBUG: Notified event "kernel.response" to listener "Symfony\Component\Security\Http\Firewall\ContextListener::onKernelResponse". [] []
[2014-09-18 16:40:11] event.DEBUG: Notified event "kernel.response" to listener "Symfony\Component\HttpKernel\EventListener\ResponseListener::onKernelResponse". [] []
[2014-09-18 16:40:11] event.DEBUG: Notified event "kernel.response" to listener "Symfony\Component\Security\Http\RememberMe\ResponseListener::onKernelResponse". [] []
[2014-09-18 16:40:11] event.DEBUG: Notified event "kernel.response" to listener "Sensio\Bundle\FrameworkExtraBundle\EventListener\CacheListener::onKernelResponse". [] []
[2014-09-18 16:40:11] event.DEBUG: Notified event "kernel.response" to listener "Symfony\Component\HttpKernel\EventListener\StreamedResponseListener::onKernelResponse". [] []
[2014-09-18 16:40:11] event.DEBUG: Listener "Symfony\Component\HttpKernel\EventListener\ExceptionListener::onKernelException" stopped propagation of the event "kernel.exception". [] []
[2014-09-18 16:40:11] event.DEBUG: Notified event "kernel.response" to listener "Symfony\Component\Security\Http\Firewall\ContextListener::onKernelResponse". [] []
[2014-09-18 16:40:11] security.DEBUG: Write SecurityContext in the session [] []
[2014-09-18 16:40:11] event.DEBUG: Notified event "kernel.response" to listener "Symfony\Component\HttpKernel\EventListener\ResponseListener::onKernelResponse". [] []
[2014-09-18 16:40:11] event.DEBUG: Notified event "kernel.response" to listener "Symfony\Component\Security\Http\RememberMe\ResponseListener::onKernelResponse". [] []
[2014-09-18 16:40:11] event.DEBUG: Notified event "kernel.response" to listener "Sensio\Bundle\FrameworkExtraBundle\EventListener\CacheListener::onKernelResponse". [] []
[2014-09-18 16:40:11] event.DEBUG: Notified event "kernel.response" to listener "Symfony\Component\HttpKernel\EventListener\StreamedResponseListener::onKernelResponse". [] []
[2014-09-18 16:40:11] event.DEBUG: Notified event "kernel.terminate" to listener "Symfony\Bundle\SwiftmailerBundle\EventListener\EmailSenderListener::onTerminate". [] []
[2014-09-18 16:41:14] event.DEBUG: Notified event "kernel.request" to listener "Symfony\Bundle\FrameworkBundle\EventListener\SessionListener::onKernelRequest". [] []
[2014-09-18 16:41:14] event.DEBUG: Notified event "kernel.request" to listener "Symfony\Component\HttpKernel\EventListener\FragmentListener::onKernelRequest". [] []
[2014-09-18 16:41:14] event.DEBUG: Notified event "kernel.request" to listener "Symfony\Component\HttpKernel\EventListener\RouterListener::onKernelRequest". [] []
[2014-09-18 16:41:14] request.INFO: Matched route "sit_guardacomentario" (parameters: "_controller": "Frontend\SitBundle\Controller\SeguimientoController::guardacomentarioAction", "idticket": "2719", "_route": "sit_guardacomentario") [] []
[2014-09-18 16:41:14] event.DEBUG: Notified event "kernel.request" to listener "Symfony\Component\HttpKernel\EventListener\LocaleListener::onKernelRequest". [] []
[2014-09-18 16:41:14] event.DEBUG: Notified event "kernel.request" to listener "Symfony\Component\Security\Http\Firewall::onKernelRequest". [] []
[2014-09-18 16:41:14] security.DEBUG: Read SecurityContext from the session [] []
[2014-09-18 16:41:14] security.DEBUG: Reloading user from user provider. [] []
[2014-09-18 16:41:14] doctrine.DEBUG: SELECT t0.id AS id1, t0.username AS username2, t0.salt AS salt3, t0.password AS password4, t0.is_active AS is_active5, t0.fueradenomina AS fueradenomina6 FROM usuarios.user t0 WHERE t0.id = ? [395] []
[2014-09-18 16:41:14] security.DEBUG: Username "jvalera" was reloaded from user provider. [] []
[2014-09-18 16:41:14] event.DEBUG: Notified event "kernel.request" to listener "Symfony\Component\HttpKernel\EventListener\ErrorsLoggerListener::injectLogger". [] []
[2014-09-18 16:41:14] event.DEBUG: Notified event "kernel.request" to listener "Symfony\Component\HttpKernel\EventListener\ErrorsLoggerListener::injectLogger". [] []
[2014-09-18 16:41:14] event.DEBUG: Notified event "kernel.controller" to listener "Sensio\Bundle\FrameworkExtraBundle\EventListener\ControllerListener::onKernelController". [] []
[2014-09-18 16:41:14] event.DEBUG: Notified event "kernel.controller" to listener "Sensio\Bundle\FrameworkExtraBundle\EventListener\ParamConverterListener::onKernelController". [] []
[2014-09-18 16:41:14] event.DEBUG: Notified event "kernel.controller" to listener "Sensio\Bundle\FrameworkExtraBundle\EventListener\TemplateListener::onKernelController". [] []
[2014-09-18 16:41:14] doctrine.DEBUG: SELECT t0.id AS id1, t0.fechasolicitud AS fechasolicitud2, t0.horasolicitud AS horasolicitud3, t0.fechasolucion AS fechasolucion4, t0.horasolucion AS horasolucion5, t0.solicitud AS solicitud6, t0.solucion AS solucion7, t0.reasignado AS reasignado8, t0.estatus AS estatus9, t0.archivo AS archivo10, t0.user_id AS user_id11, t0.categoria_id AS categoria_id12, t0.subcategoria_id AS subcategoria_id13, t0.unidad_id AS unidad_id14 FROM sit.ticket t0 WHERE t0.id = ? ["2719"] []
[2014-09-18 16:41:14] doctrine.DEBUG: SELECT t0.id AS id1, t0.evento AS evento2, t0.tipoevento AS tipoevento3, t0.fecha AS fecha4, t0.archivo AS archivo5, t0.ticket_id AS ticket_id6, t0.responsable_id AS responsable_id7 FROM sit.seguimiento t0 WHERE t0.ticket_id = ? ["2719"] []
[2014-09-18 16:41:14] doctrine.DEBUG: SELECT t0.id AS id1, t0.primer_nombre AS primer_nombre2, t0.segundo_nombre AS segundo_nombre3, t0.primer_apellido AS primer_apellido4, t0.segundo_apellido AS segundo_apellido5, t0.cedula AS cedula6, t0.fechanacimiento AS fechanacimiento7, t0.extension AS extension8, t0.user_id AS user_id9, t0.nivelorganizacional_id AS nivelorganizacional_id10 FROM usuarios.perfil t0 INNER JOIN sit.usuarioticket ON t0.id = sit.usuarioticket.user_id WHERE sit.usuarioticket.ticket_id = ? [2719] []
[2014-09-18 16:41:14] doctrine.DEBUG: SELECT t0.id AS id1, t0.primer_nombre AS primer_nombre2, t0.segundo_nombre AS segundo_nombre3, t0.primer_apellido AS primer_apellido4, t0.segundo_apellido AS segundo_apellido5, t0.cedula AS cedula6, t0.fechanacimiento AS fechanacimiento7, t0.extension AS extension8, t0.user_id AS user_id9, t0.nivelorganizacional_id AS nivelorganizacional_id10 FROM usuarios.perfil t0 WHERE t0.id = ? [395] []
[2014-09-18 16:41:14] doctrine.DEBUG: SELECT t0.id AS id1, t0.categoria AS categoria2, t0.unidad_id AS unidad_id3 FROM sit.categoria t0 WHERE t0.id = ? [6] []
[2014-09-18 16:41:14] doctrine.DEBUG: SELECT t0.id AS id1, t0.subcategoria AS subcategoria2, t0.categoria_id AS categoria_id3 FROM sit.subcategoria t0 WHERE t0.id = ? [27] []
[2014-09-18 16:41:14] event.DEBUG: Notified event "kernel.exception" to listener "Symfony\Component\Security\Http\Firewall\ExceptionListener::onKernelException". [] []
[2014-09-18 16:41:14] event.DEBUG: Notified event "kernel.exception" to listener "Symfony\Component\HttpKernel\EventListener\ExceptionListener::onKernelException". [] []
[2014-09-18 16:41:14] request.CRITICAL: Uncaught PHP Exception Twig_Error_Runtime: "Variable "unidadc" does not exist in "SitBundle:Seguimiento:principal.html.twig" at line 76" at /var/www/sait/app/cache/prod/classes.php line 6139 {"exception":"[object] (Twig_Error_Runtime: Variable \"unidadc\" does not exist in \"SitBundle:Seguimiento:principal.html.twig\" at line 76 at /var/www/sait/app/cache/prod/classes.php:6139)"} []
[2014-09-18 16:41:14] event.DEBUG: Notified event "kernel.request" to listener "Symfony\Bundle\FrameworkBundle\EventListener\SessionListener::onKernelRequest". [] []
[2014-09-18 16:41:14] event.DEBUG: Notified event "kernel.request" to listener "Symfony\Component\HttpKernel\EventListener\FragmentListener::onKernelRequest". [] []
[2014-09-18 16:41:14] event.DEBUG: Notified event "kernel.request" to listener "Symfony\Component\HttpKernel\EventListener\RouterListener::onKernelRequest". [] []
[2014-09-18 16:41:14] event.DEBUG: Notified event "kernel.request" to listener "Symfony\Component\HttpKernel\EventListener\LocaleListener::onKernelRequest". [] []
[2014-09-18 16:41:14] event.DEBUG: Notified event "kernel.request" to listener "Symfony\Component\Security\Http\Firewall::onKernelRequest". [] []
[2014-09-18 16:41:14] event.DEBUG: Notified event "kernel.request" to listener "Symfony\Component\HttpKernel\EventListener\ErrorsLoggerListener::injectLogger". [] []
[2014-09-18 16:41:14] event.DEBUG: Notified event "kernel.request" to listener "Symfony\Component\HttpKernel\EventListener\ErrorsLoggerListener::injectLogger". [] []
[2014-09-18 16:41:14] event.DEBUG: Notified event "kernel.controller" to listener "Sensio\Bundle\FrameworkExtraBundle\EventListener\ControllerListener::onKernelController". [] []
[2014-09-18 16:41:14] event.DEBUG: Notified event "kernel.controller" to listener "Sensio\Bundle\FrameworkExtraBundle\EventListener\ParamConverterListener::onKernelController". [] []
[2014-09-18 16:41:14] event.DEBUG: Notified event "kernel.controller" to listener "Sensio\Bundle\FrameworkExtraBundle\EventListener\TemplateListener::onKernelController". [] []
[2014-09-18 16:41:14] event.DEBUG: Notified event "kernel.response" to listener "Symfony\Component\Security\Http\Firewall\ContextListener::onKernelResponse". [] []
[2014-09-18 16:41:14] event.DEBUG: Notified event "kernel.response" to listener "Symfony\Component\HttpKernel\EventListener\ResponseListener::onKernelResponse". [] []
[2014-09-18 16:41:14] event.DEBUG: Notified event "kernel.response" to listener "Symfony\Component\Security\Http\RememberMe\ResponseListener::onKernelResponse". [] []
[2014-09-18 16:41:14] event.DEBUG: Notified event "kernel.response" to listener "Sensio\Bundle\FrameworkExtraBundle\EventListener\CacheListener::onKernelResponse". [] []
[2014-09-18 16:41:14] event.DEBUG: Notified event "kernel.response" to listener "Symfony\Component\HttpKernel\EventListener\StreamedResponseListener::onKernelResponse". [] []
[2014-09-18 16:41:14] event.DEBUG: Listener "Symfony\Component\HttpKernel\EventListener\ExceptionListener::onKernelException" stopped propagation of the event "kernel.exception". [] []
[2014-09-18 16:41:14] event.DEBUG: Notified event "kernel.response" to listener "Symfony\Component\Security\Http\Firewall\ContextListener::onKernelResponse". [] []
[2014-09-18 16:41:14] security.DEBUG: Write SecurityContext in the session [] []
[2014-09-18 16:41:14] event.DEBUG: Notified event "kernel.response" to listener "Symfony\Component\HttpKernel\EventListener\ResponseListener::onKernelResponse". [] []
[2014-09-18 16:41:14] event.DEBUG: Notified event "kernel.response" to listener "Symfony\Component\Security\Http\RememberMe\ResponseListener::onKernelResponse". [] []
[2014-09-18 16:41:14] event.DEBUG: Notified event "kernel.response" to listener "Sensio\Bundle\FrameworkExtraBundle\EventListener\CacheListener::onKernelResponse". [] []
[2014-09-18 16:41:14] event.DEBUG: Notified event "kernel.response" to listener "Symfony\Component\HttpKernel\EventListener\StreamedResponseListener::onKernelResponse". [] []
[2014-09-18 16:41:14] event.DEBUG: Notified event "kernel.terminate" to listener "Symfony\Bundle\SwiftmailerBundle\EventListener\EmailSenderListener::onTerminate". [] []
[2014-09-18 16:42:17] event.DEBUG: Notified event "kernel.request" to listener "Symfony\Bundle\FrameworkBundle\EventListener\SessionListener::onKernelRequest". [] []
[2014-09-18 16:42:17] event.DEBUG: Notified event "kernel.request" to listener "Symfony\Component\HttpKernel\EventListener\FragmentListener::onKernelRequest". [] []
[2014-09-18 16:42:17] event.DEBUG: Notified event "kernel.request" to listener "Symfony\Component\HttpKernel\EventListener\RouterListener::onKernelRequest". [] []
[2014-09-18 16:42:17] request.INFO: Matched route "sit_guardacomentario" (parameters: "_controller": "Frontend\SitBundle\Controller\SeguimientoController::guardacomentarioAction", "idticket": "2719", "_route": "sit_guardacomentario") [] []
[2014-09-18 16:42:17] event.DEBUG: Notified event "kernel.request" to listener "Symfony\Component\HttpKernel\EventListener\LocaleListener::onKernelRequest". [] []
[2014-09-18 16:42:17] event.DEBUG: Notified event "kernel.request" to listener "Symfony\Component\Security\Http\Firewall::onKernelRequest". [] []
[2014-09-18 16:42:17] security.DEBUG: Read SecurityContext from the session [] []
[2014-09-18 16:42:17] security.DEBUG: Reloading user from user provider. [] []
[2014-09-18 16:42:17] doctrine.DEBUG: SELECT t0.id AS id1, t0.username AS username2, t0.salt AS salt3, t0.password AS password4, t0.is_active AS is_active5, t0.fueradenomina AS fueradenomina6 FROM usuarios.user t0 WHERE t0.id = ? [395] []
[2014-09-18 16:42:17] security.DEBUG: Username "jvalera" was reloaded from user provider. [] []
[2014-09-18 16:42:17] event.DEBUG: Notified event "kernel.request" to listener "Symfony\Component\HttpKernel\EventListener\ErrorsLoggerListener::injectLogger". [] []
[2014-09-18 16:42:17] event.DEBUG: Notified event "kernel.request" to listener "Symfony\Component\HttpKernel\EventListener\ErrorsLoggerListener::injectLogger". [] []
[2014-09-18 16:42:17] event.DEBUG: Notified event "kernel.controller" to listener "Sensio\Bundle\FrameworkExtraBundle\EventListener\ControllerListener::onKernelController". [] []
[2014-09-18 16:42:17] event.DEBUG: Notified event "kernel.controller" to listener "Sensio\Bundle\FrameworkExtraBundle\EventListener\ParamConverterListener::onKernelController". [] []
[2014-09-18 16:42:17] event.DEBUG: Notified event "kernel.controller" to listener "Sensio\Bundle\FrameworkExtraBundle\EventListener\TemplateListener::onKernelController". [] []
[2014-09-18 16:42:17] doctrine.DEBUG: SELECT t0.id AS id1, t0.fechasolicitud AS fechasolicitud2, t0.horasolicitud AS horasolicitud3, t0.fechasolucion AS fechasolucion4, t0.horasolucion AS horasolucion5, t0.solicitud AS solicitud6, t0.solucion AS solucion7, t0.reasignado AS reasignado8, t0.estatus AS estatus9, t0.archivo AS archivo10, t0.user_id AS user_id11, t0.categoria_id AS categoria_id12, t0.subcategoria_id AS subcategoria_id13, t0.unidad_id AS unidad_id14 FROM sit.ticket t0 WHERE t0.id = ? ["2719"] []
[2014-09-18 16:42:17] doctrine.DEBUG: SELECT t0.id AS id1, t0.evento AS evento2, t0.tipoevento AS tipoevento3, t0.fecha AS fecha4, t0.archivo AS archivo5, t0.ticket_id AS ticket_id6, t0.responsable_id AS responsable_id7 FROM sit.seguimiento t0 WHERE t0.ticket_id = ? ["2719"] []
[2014-09-18 16:42:17] doctrine.DEBUG: SELECT t0.id AS id1, t0.primer_nombre AS primer_nombre2, t0.segundo_nombre AS segundo_nombre3, t0.primer_apellido AS primer_apellido4, t0.segundo_apellido AS segundo_apellido5, t0.cedula AS cedula6, t0.fechanacimiento AS fechanacimiento7, t0.extension AS extension8, t0.user_id AS user_id9, t0.nivelorganizacional_id AS nivelorganizacional_id10 FROM usuarios.perfil t0 INNER JOIN sit.usuarioticket ON t0.id = sit.usuarioticket.user_id WHERE sit.usuarioticket.ticket_id = ? [2719] []
[2014-09-18 16:42:17] doctrine.DEBUG: SELECT t0.id AS id1, t0.primer_nombre AS primer_nombre2, t0.segundo_nombre AS segundo_nombre3, t0.primer_apellido AS primer_apellido4, t0.segundo_apellido AS segundo_apellido5, t0.cedula AS cedula6, t0.fechanacimiento AS fechanacimiento7, t0.extension AS extension8, t0.user_id AS user_id9, t0.nivelorganizacional_id AS nivelorganizacional_id10 FROM usuarios.perfil t0 WHERE t0.id = ? [395] []
[2014-09-18 16:42:17] doctrine.DEBUG: SELECT t0.id AS id1, t0.categoria AS categoria2, t0.unidad_id AS unidad_id3 FROM sit.categoria t0 WHERE t0.id = ? [6] []
[2014-09-18 16:42:17] doctrine.DEBUG: SELECT t0.id AS id1, t0.subcategoria AS subcategoria2, t0.categoria_id AS categoria_id3 FROM sit.subcategoria t0 WHERE t0.id = ? [27] []
[2014-09-18 16:42:17] event.DEBUG: Notified event "kernel.exception" to listener "Symfony\Component\Security\Http\Firewall\ExceptionListener::onKernelException". [] []
[2014-09-18 16:42:17] event.DEBUG: Notified event "kernel.exception" to listener "Symfony\Component\HttpKernel\EventListener\ExceptionListener::onKernelException". [] []
[2014-09-18 16:42:17] request.CRITICAL: Uncaught PHP Exception Twig_Error_Runtime: "Variable "unidadc" does not exist in "SitBundle:Seguimiento:principal.html.twig" at line 76" at /var/www/sait/app/cache/prod/classes.php line 6139 {"exception":"[object] (Twig_Error_Runtime: Variable \"unidadc\" does not exist in \"SitBundle:Seguimiento:principal.html.twig\" at line 76 at /var/www/sait/app/cache/prod/classes.php:6139)"} []
[2014-09-18 16:42:17] event.DEBUG: Notified event "kernel.request" to listener "Symfony\Bundle\FrameworkBundle\EventListener\SessionListener::onKernelRequest". [] []
[2014-09-18 16:42:17] event.DEBUG: Notified event "kernel.request" to listener "Symfony\Component\HttpKernel\EventListener\FragmentListener::onKernelRequest". [] []
[2014-09-18 16:42:17] event.DEBUG: Notified event "kernel.request" to listener "Symfony\Component\HttpKernel\EventListener\RouterListener::onKernelRequest". [] []
[2014-09-18 16:42:17] event.DEBUG: Notified event "kernel.request" to listener "Symfony\Component\HttpKernel\EventListener\LocaleListener::onKernelRequest". [] []
[2014-09-18 16:42:17] event.DEBUG: Notified event "kernel.request" to listener "Symfony\Component\Security\Http\Firewall::onKernelRequest". [] []
[2014-09-18 16:42:17] event.DEBUG: Notified event "kernel.request" to listener "Symfony\Component\HttpKernel\EventListener\ErrorsLoggerListener::injectLogger". [] []
[2014-09-18 16:42:17] event.DEBUG: Notified event "kernel.request" to listener "Symfony\Component\HttpKernel\EventListener\ErrorsLoggerListener::injectLogger". [] []
[2014-09-18 16:42:17] event.DEBUG: Notified event "kernel.controller" to listener "Sensio\Bundle\FrameworkExtraBundle\EventListener\ControllerListener::onKernelController". [] []
[2014-09-18 16:42:17] event.DEBUG: Notified event "kernel.controller" to listener "Sensio\Bundle\FrameworkExtraBundle\EventListener\ParamConverterListener::onKernelController". [] []
[2014-09-18 16:42:17] event.DEBUG: Notified event "kernel.controller" to listener "Sensio\Bundle\FrameworkExtraBundle\EventListener\TemplateListener::onKernelController". [] []
[2014-09-18 16:42:18] event.DEBUG: Notified event "kernel.response" to listener "Symfony\Component\Security\Http\Firewall\ContextListener::onKernelResponse". [] []
[2014-09-18 16:42:18] event.DEBUG: Notified event "kernel.response" to listener "Symfony\Component\HttpKernel\EventListener\ResponseListener::onKernelResponse". [] []
[2014-09-18 16:42:18] event.DEBUG: Notified event "kernel.response" to listener "Symfony\Component\Security\Http\RememberMe\ResponseListener::onKernelResponse". [] []
[2014-09-18 16:42:18] event.DEBUG: Notified event "kernel.response" to listener "Sensio\Bundle\FrameworkExtraBundle\EventListener\CacheListener::onKernelResponse". [] []
[2014-09-18 16:42:18] event.DEBUG: Notified event "kernel.response" to listener "Symfony\Component\HttpKernel\EventListener\StreamedResponseListener::onKernelResponse". [] []
[2014-09-18 16:42:18] event.DEBUG: Listener "Symfony\Component\HttpKernel\EventListener\ExceptionListener::onKernelException" stopped propagation of the event "kernel.exception". [] []
[2014-09-18 16:42:18] event.DEBUG: Notified event "kernel.response" to listener "Symfony\Component\Security\Http\Firewall\ContextListener::onKernelResponse". [] []
[2014-09-18 16:42:18] security.DEBUG: Write SecurityContext in the session [] []
[2014-09-18 16:42:18] event.DEBUG: Notified event "kernel.response" to listener "Symfony\Component\HttpKernel\EventListener\ResponseListener::onKernelResponse". [] []
[2014-09-18 16:42:18] event.DEBUG: Notified event "kernel.response" to listener "Symfony\Component\Security\Http\RememberMe\ResponseListener::onKernelResponse". [] []
[2014-09-18 16:42:18] event.DEBUG: Notified event "kernel.response" to listener "Sensio\Bundle\FrameworkExtraBundle\EventListener\CacheListener::onKernelResponse". [] []
[2014-09-18 16:42:18] event.DEBUG: Notified event "kernel.response" to listener "Symfony\Component\HttpKernel\EventListener\StreamedResponseListener::onKernelResponse". [] []
[2014-09-18 16:42:18] event.DEBUG: Notified event "kernel.terminate" to listener "Symfony\Bundle\SwiftmailerBundle\EventListener\EmailSenderListener::onTerminate". [] []
[2014-09-18 16:43:28] event.DEBUG: Notified event "kernel.request" to listener "Symfony\Bundle\FrameworkBundle\EventListener\SessionListener::onKernelRequest". [] []
[2014-09-18 16:43:28] event.DEBUG: Notified event "kernel.request" to listener "Symfony\Component\HttpKernel\EventListener\FragmentListener::onKernelRequest". [] []
[2014-09-18 16:43:28] event.DEBUG: Notified event "kernel.request" to listener "Symfony\Component\HttpKernel\EventListener\RouterListener::onKernelRequest". [] []
[2014-09-18 16:43:28] request.INFO: Matched route "sit_guardacomentario" (parameters: "_controller": "Frontend\SitBundle\Controller\SeguimientoController::guardacomentarioAction", "idticket": "2719", "_route": "sit_guardacomentario") [] []
[2014-09-18 16:43:28] event.DEBUG: Notified event "kernel.request" to listener "Symfony\Component\HttpKernel\EventListener\LocaleListener::onKernelRequest". [] []
[2014-09-18 16:43:28] event.DEBUG: Notified event "kernel.request" to listener "Symfony\Component\Security\Http\Firewall::onKernelRequest". [] []
[2014-09-18 16:43:28] security.DEBUG: Read SecurityContext from the session [] []
[2014-09-18 16:43:28] security.DEBUG: Reloading user from user provider. [] []
[2014-09-18 16:43:28] doctrine.DEBUG: SELECT t0.id AS id1, t0.username AS username2, t0.salt AS salt3, t0.password AS password4, t0.is_active AS is_active5, t0.fueradenomina AS fueradenomina6 FROM usuarios.user t0 WHERE t0.id = ? [395] []
[2014-09-18 16:43:28] security.DEBUG: Username "jvalera" was reloaded from user provider. [] []
[2014-09-18 16:43:28] event.DEBUG: Notified event "kernel.request" to listener "Symfony\Component\HttpKernel\EventListener\ErrorsLoggerListener::injectLogger". [] []
[2014-09-18 16:43:28] event.DEBUG: Notified event "kernel.request" to listener "Symfony\Component\HttpKernel\EventListener\ErrorsLoggerListener::injectLogger". [] []
[2014-09-18 16:43:28] event.DEBUG: Notified event "kernel.controller" to listener "Sensio\Bundle\FrameworkExtraBundle\EventListener\ControllerListener::onKernelController". [] []
[2014-09-18 16:43:28] event.DEBUG: Notified event "kernel.controller" to listener "Sensio\Bundle\FrameworkExtraBundle\EventListener\ParamConverterListener::onKernelController". [] []
[2014-09-18 16:43:28] event.DEBUG: Notified event "kernel.controller" to listener "Sensio\Bundle\FrameworkExtraBundle\EventListener\TemplateListener::onKernelController". [] []
[2014-09-18 16:43:28] doctrine.DEBUG: SELECT t0.id AS id1, t0.fechasolicitud AS fechasolicitud2, t0.horasolicitud AS horasolicitud3, t0.fechasolucion AS fechasolucion4, t0.horasolucion AS horasolucion5, t0.solicitud AS solicitud6, t0.solucion AS solucion7, t0.reasignado AS reasignado8, t0.estatus AS estatus9, t0.archivo AS archivo10, t0.user_id AS user_id11, t0.categoria_id AS categoria_id12, t0.subcategoria_id AS subcategoria_id13, t0.unidad_id AS unidad_id14 FROM sit.ticket t0 WHERE t0.id = ? ["2719"] []
[2014-09-18 16:43:28] doctrine.DEBUG: SELECT t0.id AS id1, t0.evento AS evento2, t0.tipoevento AS tipoevento3, t0.fecha AS fecha4, t0.archivo AS archivo5, t0.ticket_id AS ticket_id6, t0.responsable_id AS responsable_id7 FROM sit.seguimiento t0 WHERE t0.ticket_id = ? ["2719"] []
[2014-09-18 16:43:28] doctrine.DEBUG: SELECT t0.id AS id1, t0.primer_nombre AS primer_nombre2, t0.segundo_nombre AS segundo_nombre3, t0.primer_apellido AS primer_apellido4, t0.segundo_apellido AS segundo_apellido5, t0.cedula AS cedula6, t0.fechanacimiento AS fechanacimiento7, t0.extension AS extension8, t0.user_id AS user_id9, t0.nivelorganizacional_id AS nivelorganizacional_id10 FROM usuarios.perfil t0 INNER JOIN sit.usuarioticket ON t0.id = sit.usuarioticket.user_id WHERE sit.usuarioticket.ticket_id = ? [2719] []
[2014-09-18 16:43:28] doctrine.DEBUG: SELECT t0.id AS id1, t0.primer_nombre AS primer_nombre2, t0.segundo_nombre AS segundo_nombre3, t0.primer_apellido AS primer_apellido4, t0.segundo_apellido AS segundo_apellido5, t0.cedula AS cedula6, t0.fechanacimiento AS fechanacimiento7, t0.extension AS extension8, t0.user_id AS user_id9, t0.nivelorganizacional_id AS nivelorganizacional_id10 FROM usuarios.perfil t0 WHERE t0.id = ? [395] []
[2014-09-18 16:43:28] doctrine.DEBUG: SELECT t0.id AS id1, t0.categoria AS categoria2, t0.unidad_id AS unidad_id3 FROM sit.categoria t0 WHERE t0.id = ? [6] []
[2014-09-18 16:43:28] doctrine.DEBUG: SELECT t0.id AS id1, t0.subcategoria AS subcategoria2, t0.categoria_id AS categoria_id3 FROM sit.subcategoria t0 WHERE t0.id = ? [27] []
[2014-09-18 16:43:28] event.DEBUG: Notified event "kernel.exception" to listener "Symfony\Component\Security\Http\Firewall\ExceptionListener::onKernelException". [] []
[2014-09-18 16:43:28] event.DEBUG: Notified event "kernel.exception" to listener "Symfony\Component\HttpKernel\EventListener\ExceptionListener::onKernelException". [] []
[2014-09-18 16:43:28] request.CRITICAL: Uncaught PHP Exception Twig_Error_Runtime: "Variable "unidadc" does not exist in "SitBundle:Seguimiento:principal.html.twig" at line 76" at /var/www/sait/app/cache/prod/classes.php line 6139 {"exception":"[object] (Twig_Error_Runtime: Variable \"unidadc\" does not exist in \"SitBundle:Seguimiento:principal.html.twig\" at line 76 at /var/www/sait/app/cache/prod/classes.php:6139)"} []
[2014-09-18 16:43:28] event.DEBUG: Notified event "kernel.request" to listener "Symfony\Bundle\FrameworkBundle\EventListener\SessionListener::onKernelRequest". [] []
[2014-09-18 16:43:28] event.DEBUG: Notified event "kernel.request" to listener "Symfony\Component\HttpKernel\EventListener\FragmentListener::onKernelRequest". [] []
[2014-09-18 16:43:28] event.DEBUG: Notified event "kernel.request" to listener "Symfony\Component\HttpKernel\EventListener\RouterListener::onKernelRequest". [] []
[2014-09-18 16:43:28] event.DEBUG: Notified event "kernel.request" to listener "Symfony\Component\HttpKernel\EventListener\LocaleListener::onKernelRequest". [] []
[2014-09-18 16:43:28] event.DEBUG: Notified event "kernel.request" to listener "Symfony\Component\Security\Http\Firewall::onKernelRequest". [] []
[2014-09-18 16:43:28] event.DEBUG: Notified event "kernel.request" to listener "Symfony\Component\HttpKernel\EventListener\ErrorsLoggerListener::injectLogger". [] []
[2014-09-18 16:43:28] event.DEBUG: Notified event "kernel.request" to listener "Symfony\Component\HttpKernel\EventListener\ErrorsLoggerListener::injectLogger". [] []
[2014-09-18 16:43:28] event.DEBUG: Notified event "kernel.controller" to listener "Sensio\Bundle\FrameworkExtraBundle\EventListener\ControllerListener::onKernelController". [] []
[2014-09-18 16:43:28] event.DEBUG: Notified event "kernel.controller" to listener "Sensio\Bundle\FrameworkExtraBundle\EventListener\ParamConverterListener::onKernelController". [] []
[2014-09-18 16:43:28] event.DEBUG: Notified event "kernel.controller" to listener "Sensio\Bundle\FrameworkExtraBundle\EventListener\TemplateListener::onKernelController". [] []
[2014-09-18 16:43:28] event.DEBUG: Notified event "kernel.response" to listener "Symfony\Component\Security\Http\Firewall\ContextListener::onKernelResponse". [] []
[2014-09-18 16:43:28] event.DEBUG: Notified event "kernel.response" to listener "Symfony\Component\HttpKernel\EventListener\ResponseListener::onKernelResponse". [] []
[2014-09-18 16:43:28] event.DEBUG: Notified event "kernel.response" to listener "Symfony\Component\Security\Http\RememberMe\ResponseListener::onKernelResponse". [] []
[2014-09-18 16:43:28] event.DEBUG: Notified event "kernel.response" to listener "Sensio\Bundle\FrameworkExtraBundle\EventListener\CacheListener::onKernelResponse". [] []
[2014-09-18 16:43:28] event.DEBUG: Notified event "kernel.response" to listener "Symfony\Component\HttpKernel\EventListener\StreamedResponseListener::onKernelResponse". [] []
[2014-09-18 16:43:28] event.DEBUG: Listener "Symfony\Component\HttpKernel\EventListener\ExceptionListener::onKernelException" stopped propagation of the event "kernel.exception". [] []
[2014-09-18 16:43:28] event.DEBUG: Notified event "kernel.response" to listener "Symfony\Component\Security\Http\Firewall\ContextListener::onKernelResponse". [] []
[2014-09-18 16:43:28] security.DEBUG: Write SecurityContext in the session [] []
[2014-09-18 16:43:28] event.DEBUG: Notified event "kernel.response" to listener "Symfony\Component\HttpKernel\EventListener\ResponseListener::onKernelResponse". [] []
[2014-09-18 16:43:28] event.DEBUG: Notified event "kernel.response" to listener "Symfony\Component\Security\Http\RememberMe\ResponseListener::onKernelResponse". [] []
[2014-09-18 16:43:28] event.DEBUG: Notified event "kernel.response" to listener "Sensio\Bundle\FrameworkExtraBundle\EventListener\CacheListener::onKernelResponse". [] []
[2014-09-18 16:43:28] event.DEBUG: Notified event "kernel.response" to listener "Symfony\Component\HttpKernel\EventListener\StreamedResponseListener::onKernelResponse". [] []
[2014-09-18 16:43:28] event.DEBUG: Notified event "kernel.terminate" to listener "Symfony\Bundle\SwiftmailerBundle\EventListener\EmailSenderListener::onTerminate". [] []
[2014-09-18 16:44:16] event.DEBUG: Notified event "kernel.request" to listener "Symfony\Bundle\FrameworkBundle\EventListener\SessionListener::onKernelRequest". [] []
[2014-09-18 16:44:16] event.DEBUG: Notified event "kernel.request" to listener "Symfony\Component\HttpKernel\EventListener\FragmentListener::onKernelRequest". [] []
[2014-09-18 16:44:16] event.DEBUG: Notified event "kernel.request" to listener "Symfony\Component\HttpKernel\EventListener\RouterListener::onKernelRequest". [] []
[2014-09-18 16:44:16] event.DEBUG: Notified event "kernel.exception" to listener "Symfony\Component\HttpKernel\EventListener\ExceptionListener::onKernelException". [] []
[2014-09-18 16:44:16] request.ERROR: Uncaught PHP Exception Symfony\Component\HttpKernel\Exception\NotFoundHttpException: "No route found for "GET /sit/guardacomentario/css/content.css"" at /var/www/sait/app/cache/prod/classes.php line 3610 {"exception":"[object] (Symfony\\Component\\HttpKernel\\Exception\\NotFoundHttpException: No route found for \"GET /sit/guardacomentario/css/content.css\" at /var/www/sait/app/cache/prod/classes.php:3610, Symfony\\Component\\Routing\\Exception\\ResourceNotFoundException:  at /var/www/sait/app/cache/prod/appProdUrlMatcher.php:3264)"} []
[2014-09-18 16:44:16] event.DEBUG: Notified event "kernel.request" to listener "closure". [] []
[2014-09-18 16:44:16] event.DEBUG: Notified event "kernel.request" to listener "Symfony\Bundle\FrameworkBundle\EventListener\SessionListener::onKernelRequest". [] []
[2014-09-18 16:44:16] event.DEBUG: Notified event "kernel.request" to listener "closure". [] []
[2014-09-18 16:44:16] event.DEBUG: Notified event "kernel.request" to listener "Symfony\Component\HttpKernel\EventListener\FragmentListener::onKernelRequest". [] []
[2014-09-18 16:44:16] event.DEBUG: Notified event "kernel.request" to listener "closure". [] []
[2014-09-18 16:44:16] event.DEBUG: Notified event "kernel.request" to listener "Symfony\Component\HttpKernel\EventListener\RouterListener::onKernelRequest". [] []
[2014-09-18 16:44:16] event.DEBUG: Notified event "kernel.request" to listener "closure". [] []
[2014-09-18 16:44:16] event.DEBUG: Notified event "kernel.request" to listener "Symfony\Component\HttpKernel\EventListener\LocaleListener::onKernelRequest". [] []
[2014-09-18 16:44:16] event.DEBUG: Notified event "kernel.request" to listener "closure". [] []
[2014-09-18 16:44:16] event.DEBUG: Notified event "kernel.request" to listener "Symfony\Component\Security\Http\Firewall::onKernelRequest". [] []
[2014-09-18 16:44:16] event.DEBUG: Notified event "kernel.request" to listener "closure". [] []
[2014-09-18 16:44:16] event.DEBUG: Notified event "kernel.request" to listener "Symfony\Component\HttpKernel\EventListener\ErrorsLoggerListener::injectLogger". [] []
[2014-09-18 16:44:16] event.DEBUG: Notified event "kernel.request" to listener "closure". [] []
[2014-09-18 16:44:16] event.DEBUG: Notified event "kernel.request" to listener "Symfony\Component\HttpKernel\EventListener\ErrorsLoggerListener::injectLogger". [] []
[2014-09-18 16:44:16] event.DEBUG: Notified event "kernel.controller" to listener "Sensio\Bundle\FrameworkExtraBundle\EventListener\ControllerListener::onKernelController". [] []
[2014-09-18 16:44:16] event.DEBUG: Notified event "kernel.controller" to listener "Sensio\Bundle\FrameworkExtraBundle\EventListener\ParamConverterListener::onKernelController". [] []
[2014-09-18 16:44:16] event.DEBUG: Notified event "kernel.controller" to listener "Sensio\Bundle\FrameworkExtraBundle\EventListener\TemplateListener::onKernelController". [] []
[2014-09-18 16:44:16] event.DEBUG: Notified event "kernel.response" to listener "Symfony\Component\HttpKernel\EventListener\ResponseListener::onKernelResponse". [] []
[2014-09-18 16:44:16] event.DEBUG: Notified event "kernel.response" to listener "Symfony\Component\Security\Http\RememberMe\ResponseListener::onKernelResponse". [] []
[2014-09-18 16:44:16] event.DEBUG: Notified event "kernel.response" to listener "Sensio\Bundle\FrameworkExtraBundle\EventListener\CacheListener::onKernelResponse". [] []
[2014-09-18 16:44:16] event.DEBUG: Notified event "kernel.response" to listener "Symfony\Component\HttpKernel\EventListener\StreamedResponseListener::onKernelResponse". [] []
[2014-09-18 16:44:16] event.DEBUG: Listener "Symfony\Component\HttpKernel\EventListener\ExceptionListener::onKernelException" stopped propagation of the event "kernel.exception". [] []
[2014-09-18 16:44:16] event.DEBUG: Notified event "kernel.response" to listener "Symfony\Component\HttpKernel\EventListener\ResponseListener::onKernelResponse". [] []
[2014-09-18 16:44:16] event.DEBUG: Notified event "kernel.response" to listener "Symfony\Component\Security\Http\RememberMe\ResponseListener::onKernelResponse". [] []
[2014-09-18 16:44:16] event.DEBUG: Notified event "kernel.response" to listener "Sensio\Bundle\FrameworkExtraBundle\EventListener\CacheListener::onKernelResponse". [] []
[2014-09-18 16:44:16] event.DEBUG: Notified event "kernel.response" to listener "Symfony\Component\HttpKernel\EventListener\StreamedResponseListener::onKernelResponse". [] []
[2014-09-18 16:44:16] event.DEBUG: Notified event "kernel.terminate" to listener "Symfony\Bundle\SwiftmailerBundle\EventListener\EmailSenderListener::onTerminate". [] []
[2014-09-18 16:44:20] event.DEBUG: Notified event "kernel.request" to listener "Symfony\Bundle\FrameworkBundle\EventListener\SessionListener::onKernelRequest". [] []
[2014-09-18 16:44:20] event.DEBUG: Notified event "kernel.request" to listener "Symfony\Component\HttpKernel\EventListener\FragmentListener::onKernelRequest". [] []
[2014-09-18 16:44:20] event.DEBUG: Notified event "kernel.request" to listener "Symfony\Component\HttpKernel\EventListener\RouterListener::onKernelRequest". [] []
[2014-09-18 16:44:20] event.DEBUG: Notified event "kernel.exception" to listener "Symfony\Component\HttpKernel\EventListener\ExceptionListener::onKernelException". [] []
[2014-09-18 16:44:20] request.ERROR: Uncaught PHP Exception Symfony\Component\HttpKernel\Exception\NotFoundHttpException: "No route found for "GET /sit/guardacomentario/css/content.css"" at /var/www/sait/app/cache/prod/classes.php line 3610 {"exception":"[object] (Symfony\\Component\\HttpKernel\\Exception\\NotFoundHttpException: No route found for \"GET /sit/guardacomentario/css/content.css\" at /var/www/sait/app/cache/prod/classes.php:3610, Symfony\\Component\\Routing\\Exception\\ResourceNotFoundException:  at /var/www/sait/app/cache/prod/appProdUrlMatcher.php:3264)"} []
[2014-09-18 16:44:20] event.DEBUG: Notified event "kernel.request" to listener "closure". [] []
[2014-09-18 16:44:20] event.DEBUG: Notified event "kernel.request" to listener "Symfony\Bundle\FrameworkBundle\EventListener\SessionListener::onKernelRequest". [] []
[2014-09-18 16:44:20] event.DEBUG: Notified event "kernel.request" to listener "closure". [] []
[2014-09-18 16:44:20] event.DEBUG: Notified event "kernel.request" to listener "Symfony\Component\HttpKernel\EventListener\FragmentListener::onKernelRequest". [] []
[2014-09-18 16:44:20] event.DEBUG: Notified event "kernel.request" to listener "closure". [] []
[2014-09-18 16:44:20] event.DEBUG: Notified event "kernel.request" to listener "Symfony\Component\HttpKernel\EventListener\RouterListener::onKernelRequest". [] []
[2014-09-18 16:44:20] event.DEBUG: Notified event "kernel.request" to listener "closure". [] []
[2014-09-18 16:44:20] event.DEBUG: Notified event "kernel.request" to listener "Symfony\Component\HttpKernel\EventListener\LocaleListener::onKernelRequest". [] []
[2014-09-18 16:44:20] event.DEBUG: Notified event "kernel.request" to listener "closure". [] []
[2014-09-18 16:44:20] event.DEBUG: Notified event "kernel.request" to listener "Symfony\Component\Security\Http\Firewall::onKernelRequest". [] []
[2014-09-18 16:44:20] event.DEBUG: Notified event "kernel.request" to listener "closure". [] []
[2014-09-18 16:44:20] event.DEBUG: Notified event "kernel.request" to listener "Symfony\Component\HttpKernel\EventListener\ErrorsLoggerListener::injectLogger". [] []
[2014-09-18 16:44:20] event.DEBUG: Notified event "kernel.request" to listener "closure". [] []
[2014-09-18 16:44:20] event.DEBUG: Notified event "kernel.request" to listener "Symfony\Component\HttpKernel\EventListener\ErrorsLoggerListener::injectLogger". [] []
[2014-09-18 16:44:20] event.DEBUG: Notified event "kernel.controller" to listener "Sensio\Bundle\FrameworkExtraBundle\EventListener\ControllerListener::onKernelController". [] []
[2014-09-18 16:44:20] event.DEBUG: Notified event "kernel.controller" to listener "Sensio\Bundle\FrameworkExtraBundle\EventListener\ParamConverterListener::onKernelController". [] []
[2014-09-18 16:44:20] event.DEBUG: Notified event "kernel.controller" to listener "Sensio\Bundle\FrameworkExtraBundle\EventListener\TemplateListener::onKernelController". [] []
[2014-09-18 16:44:21] event.DEBUG: Notified event "kernel.response" to listener "Symfony\Component\HttpKernel\EventListener\ResponseListener::onKernelResponse". [] []
[2014-09-18 16:44:21] event.DEBUG: Notified event "kernel.response" to listener "Symfony\Component\Security\Http\RememberMe\ResponseListener::onKernelResponse". [] []
[2014-09-18 16:44:21] event.DEBUG: Notified event "kernel.response" to listener "Sensio\Bundle\FrameworkExtraBundle\EventListener\CacheListener::onKernelResponse". [] []
[2014-09-18 16:44:21] event.DEBUG: Notified event "kernel.response" to listener "Symfony\Component\HttpKernel\EventListener\StreamedResponseListener::onKernelResponse". [] []
[2014-09-18 16:44:21] event.DEBUG: Listener "Symfony\Component\HttpKernel\EventListener\ExceptionListener::onKernelException" stopped propagation of the event "kernel.exception". [] []
[2014-09-18 16:44:21] event.DEBUG: Notified event "kernel.response" to listener "Symfony\Component\HttpKernel\EventListener\ResponseListener::onKernelResponse". [] []
[2014-09-18 16:44:21] event.DEBUG: Notified event "kernel.response" to listener "Symfony\Component\Security\Http\RememberMe\ResponseListener::onKernelResponse". [] []
[2014-09-18 16:44:21] event.DEBUG: Notified event "kernel.response" to listener "Sensio\Bundle\FrameworkExtraBundle\EventListener\CacheListener::onKernelResponse". [] []
[2014-09-18 16:44:21] event.DEBUG: Notified event "kernel.response" to listener "Symfony\Component\HttpKernel\EventListener\StreamedResponseListener::onKernelResponse". [] []
[2014-09-18 16:44:21] event.DEBUG: Notified event "kernel.terminate" to listener "Symfony\Bundle\SwiftmailerBundle\EventListener\EmailSenderListener::onTerminate". [] []
